<?xml version="1.0" encoding="UTF-8"?>
<testsuite xmlns:xsi="http://www.w3.org/2001/XMLSchema-instance" xsi:noNamespaceSchemaLocation="https://maven.apache.org/surefire/maven-surefire-plugin/xsd/surefire-test-report-3.0.xsd" version="3.0" name="TestSuite" time="41.186" tests="4" errors="0" skipped="1" failures="0">
  <properties>
    <property name="java.specification.version" value="21"/>
    <property name="webdriver.chrome.driver" value="C:\Windows\system32\config\systemprofile\.cache\selenium\chromedriver\win64\131.0.6778.204\chromedriver.exe"/>
    <property name="sun.cpu.isalist" value="amd64"/>
    <property name="sun.jnu.encoding" value="Cp1252"/>
    <property name="java.class.path" value="C:\DATA\RSASeleniumCode\SeleniumFrameworkDesign\target\test-classes;C:\DATA\RSASeleniumCode\SeleniumFrameworkDesign\target\classes;C:\Windows\system32\config\systemprofile\.m2\repository\org\seleniumhq\selenium\selenium-java\4.27.0\selenium-java-4.27.0.jar;C:\Windows\system32\config\systemprofile\.m2\repository\org\seleniumhq\selenium\selenium-api\4.27.0\selenium-api-4.27.0.jar;C:\Windows\system32\config\systemprofile\.m2\repository\org\jspecify\jspecify\1.0.0\jspecify-1.0.0.jar;C:\Windows\system32\config\systemprofile\.m2\repository\org\seleniumhq\selenium\selenium-chrome-driver\4.27.0\selenium-chrome-driver-4.27.0.jar;C:\Windows\system32\config\systemprofile\.m2\repository\com\google\auto\service\auto-service-annotations\1.1.1\auto-service-annotations-1.1.1.jar;C:\Windows\system32\config\systemprofile\.m2\repository\org\seleniumhq\selenium\selenium-chromium-driver\4.27.0\selenium-chromium-driver-4.27.0.jar;C:\Windows\system32\config\systemprofile\.m2\repository\org\seleniumhq\selenium\selenium-json\4.27.0\selenium-json-4.27.0.jar;C:\Windows\system32\config\systemprofile\.m2\repository\org\seleniumhq\selenium\selenium-manager\4.27.0\selenium-manager-4.27.0.jar;C:\Windows\system32\config\systemprofile\.m2\repository\org\seleniumhq\selenium\selenium-devtools-v129\4.27.0\selenium-devtools-v129-4.27.0.jar;C:\Windows\system32\config\systemprofile\.m2\repository\org\seleniumhq\selenium\selenium-devtools-v130\4.27.0\selenium-devtools-v130-4.27.0.jar;C:\Windows\system32\config\systemprofile\.m2\repository\org\seleniumhq\selenium\selenium-devtools-v131\4.27.0\selenium-devtools-v131-4.27.0.jar;C:\Windows\system32\config\systemprofile\.m2\repository\org\seleniumhq\selenium\selenium-devtools-v85\4.27.0\selenium-devtools-v85-4.27.0.jar;C:\Windows\system32\config\systemprofile\.m2\repository\org\seleniumhq\selenium\selenium-edge-driver\4.27.0\selenium-edge-driver-4.27.0.jar;C:\Windows\system32\config\systemprofile\.m2\repository\org\seleniumhq\selenium\selenium-firefox-driver\4.27.0\selenium-firefox-driver-4.27.0.jar;C:\Windows\system32\config\systemprofile\.m2\repository\org\seleniumhq\selenium\selenium-http\4.27.0\selenium-http-4.27.0.jar;C:\Windows\system32\config\systemprofile\.m2\repository\dev\failsafe\failsafe\3.3.2\failsafe-3.3.2.jar;C:\Windows\system32\config\systemprofile\.m2\repository\org\seleniumhq\selenium\selenium-ie-driver\4.27.0\selenium-ie-driver-4.27.0.jar;C:\Windows\system32\config\systemprofile\.m2\repository\org\seleniumhq\selenium\selenium-remote-driver\4.27.0\selenium-remote-driver-4.27.0.jar;C:\Windows\system32\config\systemprofile\.m2\repository\com\google\guava\guava\33.3.1-jre\guava-33.3.1-jre.jar;C:\Windows\system32\config\systemprofile\.m2\repository\com\google\guava\failureaccess\1.0.2\failureaccess-1.0.2.jar;C:\Windows\system32\config\systemprofile\.m2\repository\com\google\guava\listenablefuture\9999.0-empty-to-avoid-conflict-with-guava\listenablefuture-9999.0-empty-to-avoid-conflict-with-guava.jar;C:\Windows\system32\config\systemprofile\.m2\repository\com\google\code\findbugs\jsr305\3.0.2\jsr305-3.0.2.jar;C:\Windows\system32\config\systemprofile\.m2\repository\org\checkerframework\checker-qual\3.43.0\checker-qual-3.43.0.jar;C:\Windows\system32\config\systemprofile\.m2\repository\com\google\errorprone\error_prone_annotations\2.28.0\error_prone_annotations-2.28.0.jar;C:\Windows\system32\config\systemprofile\.m2\repository\com\google\j2objc\j2objc-annotations\3.0.0\j2objc-annotations-3.0.0.jar;C:\Windows\system32\config\systemprofile\.m2\repository\io\opentelemetry\semconv\opentelemetry-semconv\1.25.0-alpha\opentelemetry-semconv-1.25.0-alpha.jar;C:\Windows\system32\config\systemprofile\.m2\repository\io\opentelemetry\opentelemetry-api\1.44.1\opentelemetry-api-1.44.1.jar;C:\Windows\system32\config\systemprofile\.m2\repository\io\opentelemetry\opentelemetry-context\1.44.1\opentelemetry-context-1.44.1.jar;C:\Windows\system32\config\systemprofile\.m2\repository\io\opentelemetry\opentelemetry-exporter-logging\1.44.1\opentelemetry-exporter-logging-1.44.1.jar;C:\Windows\system32\config\systemprofile\.m2\repository\io\opentelemetry\opentelemetry-sdk-common\1.44.1\opentelemetry-sdk-common-1.44.1.jar;C:\Windows\system32\config\systemprofile\.m2\repository\io\opentelemetry\opentelemetry-sdk-extension-autoconfigure-spi\1.44.1\opentelemetry-sdk-extension-autoconfigure-spi-1.44.1.jar;C:\Windows\system32\config\systemprofile\.m2\repository\io\opentelemetry\opentelemetry-sdk-extension-autoconfigure\1.44.1\opentelemetry-sdk-extension-autoconfigure-1.44.1.jar;C:\Windows\system32\config\systemprofile\.m2\repository\io\opentelemetry\opentelemetry-api-incubator\1.44.1-alpha\opentelemetry-api-incubator-1.44.1-alpha.jar;C:\Windows\system32\config\systemprofile\.m2\repository\io\opentelemetry\opentelemetry-sdk-trace\1.44.1\opentelemetry-sdk-trace-1.44.1.jar;C:\Windows\system32\config\systemprofile\.m2\repository\io\opentelemetry\opentelemetry-sdk\1.44.1\opentelemetry-sdk-1.44.1.jar;C:\Windows\system32\config\systemprofile\.m2\repository\io\opentelemetry\opentelemetry-sdk-metrics\1.44.1\opentelemetry-sdk-metrics-1.44.1.jar;C:\Windows\system32\config\systemprofile\.m2\repository\io\opentelemetry\opentelemetry-sdk-logs\1.44.1\opentelemetry-sdk-logs-1.44.1.jar;C:\Windows\system32\config\systemprofile\.m2\repository\net\bytebuddy\byte-buddy\1.15.10\byte-buddy-1.15.10.jar;C:\Windows\system32\config\systemprofile\.m2\repository\org\seleniumhq\selenium\selenium-os\4.27.0\selenium-os-4.27.0.jar;C:\Windows\system32\config\systemprofile\.m2\repository\org\apache\commons\commons-exec\1.4.0\commons-exec-1.4.0.jar;C:\Windows\system32\config\systemprofile\.m2\repository\org\seleniumhq\selenium\selenium-safari-driver\4.27.0\selenium-safari-driver-4.27.0.jar;C:\Windows\system32\config\systemprofile\.m2\repository\org\seleniumhq\selenium\selenium-support\4.27.0\selenium-support-4.27.0.jar;C:\Windows\system32\config\systemprofile\.m2\repository\io\cucumber\cucumber-java\7.5.0\cucumber-java-7.5.0.jar;C:\Windows\system32\config\systemprofile\.m2\repository\io\cucumber\cucumber-core\7.5.0\cucumber-core-7.5.0.jar;C:\Windows\system32\config\systemprofile\.m2\repository\io\cucumber\cucumber-gherkin\7.5.0\cucumber-gherkin-7.5.0.jar;C:\Windows\system32\config\systemprofile\.m2\repository\io\cucumber\cucumber-gherkin-messages\7.5.0\cucumber-gherkin-messages-7.5.0.jar;C:\Windows\system32\config\systemprofile\.m2\repository\io\cucumber\gherkin\23.0.1\gherkin-23.0.1.jar;C:\Windows\system32\config\systemprofile\.m2\repository\io\cucumber\messages\18.0.0\messages-18.0.0.jar;C:\Windows\system32\config\systemprofile\.m2\repository\io\cucumber\tag-expressions\4.1.0\tag-expressions-4.1.0.jar;C:\Windows\system32\config\systemprofile\.m2\repository\io\cucumber\cucumber-expressions\16.0.0\cucumber-expressions-16.0.0.jar;C:\Windows\system32\config\systemprofile\.m2\repository\io\cucumber\datatable\7.5.0\datatable-7.5.0.jar;C:\Windows\system32\config\systemprofile\.m2\repository\io\cucumber\cucumber-plugin\7.5.0\cucumber-plugin-7.5.0.jar;C:\Windows\system32\config\systemprofile\.m2\repository\io\cucumber\docstring\7.5.0\docstring-7.5.0.jar;C:\Windows\system32\config\systemprofile\.m2\repository\io\cucumber\html-formatter\19.2.0\html-formatter-19.2.0.jar;C:\Windows\system32\config\systemprofile\.m2\repository\io\cucumber\ci-environment\9.1.0\ci-environment-9.1.0.jar;C:\Windows\system32\config\systemprofile\.m2\repository\org\apiguardian\apiguardian-api\1.1.2\apiguardian-api-1.1.2.jar;C:\Windows\system32\config\systemprofile\.m2\repository\io\cucumber\cucumber-testng\7.5.0\cucumber-testng-7.5.0.jar;C:\Windows\system32\config\systemprofile\.m2\repository\com\aventstack\extentreports\5.0.9\extentreports-5.0.9.jar;C:\Windows\system32\config\systemprofile\.m2\repository\io\reactivex\rxjava3\rxjava\3.0.4\rxjava-3.0.4.jar;C:\Windows\system32\config\systemprofile\.m2\repository\org\reactivestreams\reactive-streams\1.0.3\reactive-streams-1.0.3.jar;C:\Windows\system32\config\systemprofile\.m2\repository\org\freemarker\freemarker\2.3.30\freemarker-2.3.30.jar;C:\Windows\system32\config\systemprofile\.m2\repository\org\projectlombok\lombok\1.18.12\lombok-1.18.12.jar;C:\Windows\system32\config\systemprofile\.m2\repository\com\google\code\gson\gson\2.8.6\gson-2.8.6.jar;C:\Windows\system32\config\systemprofile\.m2\repository\io\github\bonigarcia\webdrivermanager\5.9.2\webdrivermanager-5.9.2.jar;C:\Windows\system32\config\systemprofile\.m2\repository\org\slf4j\slf4j-api\2.0.13\slf4j-api-2.0.13.jar;C:\Windows\system32\config\systemprofile\.m2\repository\com\github\docker-java\docker-java\3.4.0\docker-java-3.4.0.jar;C:\Windows\system32\config\systemprofile\.m2\repository\com\github\docker-java\docker-java-core\3.4.0\docker-java-core-3.4.0.jar;C:\Windows\system32\config\systemprofile\.m2\repository\com\github\docker-java\docker-java-api\3.4.0\docker-java-api-3.4.0.jar;C:\Windows\system32\config\systemprofile\.m2\repository\org\slf4j\jcl-over-slf4j\1.7.30\jcl-over-slf4j-1.7.30.jar;C:\Windows\system32\config\systemprofile\.m2\repository\com\github\docker-java\docker-java-transport-httpclient5\3.4.0\docker-java-transport-httpclient5-3.4.0.jar;C:\Windows\system32\config\systemprofile\.m2\repository\com\github\docker-java\docker-java-transport\3.4.0\docker-java-transport-3.4.0.jar;C:\Windows\system32\config\systemprofile\.m2\repository\net\java\dev\jna\jna\5.13.0\jna-5.13.0.jar;C:\Windows\system32\config\systemprofile\.m2\repository\org\brotli\dec\0.1.2\dec-0.1.2.jar;C:\Windows\system32\config\systemprofile\.m2\repository\org\apache\commons\commons-lang3\3.15.0\commons-lang3-3.15.0.jar;C:\Windows\system32\config\systemprofile\.m2\repository\org\apache\commons\commons-compress\1.26.2\commons-compress-1.26.2.jar;C:\Windows\system32\config\systemprofile\.m2\repository\commons-codec\commons-codec\1.17.0\commons-codec-1.17.0.jar;C:\Windows\system32\config\systemprofile\.m2\repository\commons-io\commons-io\2.16.1\commons-io-2.16.1.jar;C:\Windows\system32\config\systemprofile\.m2\repository\org\apache\httpcomponents\client5\httpclient5\5.2.1\httpclient5-5.2.1.jar;C:\Windows\system32\config\systemprofile\.m2\repository\org\apache\httpcomponents\core5\httpcore5\5.2\httpcore5-5.2.jar;C:\Windows\system32\config\systemprofile\.m2\repository\org\apache\httpcomponents\core5\httpcore5-h2\5.2\httpcore5-h2-5.2.jar;C:\Windows\system32\config\systemprofile\.m2\repository\org\testng\testng\6.14.3\testng-6.14.3.jar;C:\Windows\system32\config\systemprofile\.m2\repository\com\beust\jcommander\1.72\jcommander-1.72.jar;C:\Windows\system32\config\systemprofile\.m2\repository\org\apache-extras\beanshell\bsh\2.0b6\bsh-2.0b6.jar;C:\Windows\system32\config\systemprofile\.m2\repository\com\fasterxml\jackson\core\jackson-databind\2.13.3\jackson-databind-2.13.3.jar;C:\Windows\system32\config\systemprofile\.m2\repository\com\fasterxml\jackson\core\jackson-annotations\2.13.3\jackson-annotations-2.13.3.jar;C:\Windows\system32\config\systemprofile\.m2\repository\com\fasterxml\jackson\core\jackson-core\2.13.3\jackson-core-2.13.3.jar;C:\Windows\system32\config\systemprofile\.m2\repository\org\apache\logging\log4j\log4j-slf4j-impl\2.17.0\log4j-slf4j-impl-2.17.0.jar;C:\Windows\system32\config\systemprofile\.m2\repository\org\apache\logging\log4j\log4j-api\2.17.0\log4j-api-2.17.0.jar;C:\Windows\system32\config\systemprofile\.m2\repository\org\apache\logging\log4j\log4j-core\2.17.0\log4j-core-2.17.0.jar;"/>
    <property name="java.vm.vendor" value="Oracle Corporation"/>
    <property name="sun.arch.data.model" value="64"/>
    <property name="user.variant" value=""/>
    <property name="java.vendor.url" value="https://java.oracle.com/"/>
    <property name="user.timezone" value="Asia/Calcutta"/>
    <property name="os.name" value="Windows 10"/>
    <property name="java.vm.specification.version" value="21"/>
    <property name="sun.java.launcher" value="SUN_STANDARD"/>
    <property name="user.country" value="US"/>
    <property name="sun.boot.library.path" value="C:\Program Files\Java\jdk-21\bin"/>
    <property name="sun.java.command" value="C:\Windows\Temp\surefire16536396050654914274\surefirebooter11119902232114192052.jar C:\Windows\Temp\surefire16536396050654914274 2025-01-06T09-35-59_262-jvmRun1 surefire6729792492691189296tmp surefire_07106543227343981223tmp"/>
    <property name="jdk.debug" value="release"/>
    <property name="surefire.test.class.path" value="C:\DATA\RSASeleniumCode\SeleniumFrameworkDesign\target\test-classes;C:\DATA\RSASeleniumCode\SeleniumFrameworkDesign\target\classes;C:\Windows\system32\config\systemprofile\.m2\repository\org\seleniumhq\selenium\selenium-java\4.27.0\selenium-java-4.27.0.jar;C:\Windows\system32\config\systemprofile\.m2\repository\org\seleniumhq\selenium\selenium-api\4.27.0\selenium-api-4.27.0.jar;C:\Windows\system32\config\systemprofile\.m2\repository\org\jspecify\jspecify\1.0.0\jspecify-1.0.0.jar;C:\Windows\system32\config\systemprofile\.m2\repository\org\seleniumhq\selenium\selenium-chrome-driver\4.27.0\selenium-chrome-driver-4.27.0.jar;C:\Windows\system32\config\systemprofile\.m2\repository\com\google\auto\service\auto-service-annotations\1.1.1\auto-service-annotations-1.1.1.jar;C:\Windows\system32\config\systemprofile\.m2\repository\org\seleniumhq\selenium\selenium-chromium-driver\4.27.0\selenium-chromium-driver-4.27.0.jar;C:\Windows\system32\config\systemprofile\.m2\repository\org\seleniumhq\selenium\selenium-json\4.27.0\selenium-json-4.27.0.jar;C:\Windows\system32\config\systemprofile\.m2\repository\org\seleniumhq\selenium\selenium-manager\4.27.0\selenium-manager-4.27.0.jar;C:\Windows\system32\config\systemprofile\.m2\repository\org\seleniumhq\selenium\selenium-devtools-v129\4.27.0\selenium-devtools-v129-4.27.0.jar;C:\Windows\system32\config\systemprofile\.m2\repository\org\seleniumhq\selenium\selenium-devtools-v130\4.27.0\selenium-devtools-v130-4.27.0.jar;C:\Windows\system32\config\systemprofile\.m2\repository\org\seleniumhq\selenium\selenium-devtools-v131\4.27.0\selenium-devtools-v131-4.27.0.jar;C:\Windows\system32\config\systemprofile\.m2\repository\org\seleniumhq\selenium\selenium-devtools-v85\4.27.0\selenium-devtools-v85-4.27.0.jar;C:\Windows\system32\config\systemprofile\.m2\repository\org\seleniumhq\selenium\selenium-edge-driver\4.27.0\selenium-edge-driver-4.27.0.jar;C:\Windows\system32\config\systemprofile\.m2\repository\org\seleniumhq\selenium\selenium-firefox-driver\4.27.0\selenium-firefox-driver-4.27.0.jar;C:\Windows\system32\config\systemprofile\.m2\repository\org\seleniumhq\selenium\selenium-http\4.27.0\selenium-http-4.27.0.jar;C:\Windows\system32\config\systemprofile\.m2\repository\dev\failsafe\failsafe\3.3.2\failsafe-3.3.2.jar;C:\Windows\system32\config\systemprofile\.m2\repository\org\seleniumhq\selenium\selenium-ie-driver\4.27.0\selenium-ie-driver-4.27.0.jar;C:\Windows\system32\config\systemprofile\.m2\repository\org\seleniumhq\selenium\selenium-remote-driver\4.27.0\selenium-remote-driver-4.27.0.jar;C:\Windows\system32\config\systemprofile\.m2\repository\com\google\guava\guava\33.3.1-jre\guava-33.3.1-jre.jar;C:\Windows\system32\config\systemprofile\.m2\repository\com\google\guava\failureaccess\1.0.2\failureaccess-1.0.2.jar;C:\Windows\system32\config\systemprofile\.m2\repository\com\google\guava\listenablefuture\9999.0-empty-to-avoid-conflict-with-guava\listenablefuture-9999.0-empty-to-avoid-conflict-with-guava.jar;C:\Windows\system32\config\systemprofile\.m2\repository\com\google\code\findbugs\jsr305\3.0.2\jsr305-3.0.2.jar;C:\Windows\system32\config\systemprofile\.m2\repository\org\checkerframework\checker-qual\3.43.0\checker-qual-3.43.0.jar;C:\Windows\system32\config\systemprofile\.m2\repository\com\google\errorprone\error_prone_annotations\2.28.0\error_prone_annotations-2.28.0.jar;C:\Windows\system32\config\systemprofile\.m2\repository\com\google\j2objc\j2objc-annotations\3.0.0\j2objc-annotations-3.0.0.jar;C:\Windows\system32\config\systemprofile\.m2\repository\io\opentelemetry\semconv\opentelemetry-semconv\1.25.0-alpha\opentelemetry-semconv-1.25.0-alpha.jar;C:\Windows\system32\config\systemprofile\.m2\repository\io\opentelemetry\opentelemetry-api\1.44.1\opentelemetry-api-1.44.1.jar;C:\Windows\system32\config\systemprofile\.m2\repository\io\opentelemetry\opentelemetry-context\1.44.1\opentelemetry-context-1.44.1.jar;C:\Windows\system32\config\systemprofile\.m2\repository\io\opentelemetry\opentelemetry-exporter-logging\1.44.1\opentelemetry-exporter-logging-1.44.1.jar;C:\Windows\system32\config\systemprofile\.m2\repository\io\opentelemetry\opentelemetry-sdk-common\1.44.1\opentelemetry-sdk-common-1.44.1.jar;C:\Windows\system32\config\systemprofile\.m2\repository\io\opentelemetry\opentelemetry-sdk-extension-autoconfigure-spi\1.44.1\opentelemetry-sdk-extension-autoconfigure-spi-1.44.1.jar;C:\Windows\system32\config\systemprofile\.m2\repository\io\opentelemetry\opentelemetry-sdk-extension-autoconfigure\1.44.1\opentelemetry-sdk-extension-autoconfigure-1.44.1.jar;C:\Windows\system32\config\systemprofile\.m2\repository\io\opentelemetry\opentelemetry-api-incubator\1.44.1-alpha\opentelemetry-api-incubator-1.44.1-alpha.jar;C:\Windows\system32\config\systemprofile\.m2\repository\io\opentelemetry\opentelemetry-sdk-trace\1.44.1\opentelemetry-sdk-trace-1.44.1.jar;C:\Windows\system32\config\systemprofile\.m2\repository\io\opentelemetry\opentelemetry-sdk\1.44.1\opentelemetry-sdk-1.44.1.jar;C:\Windows\system32\config\systemprofile\.m2\repository\io\opentelemetry\opentelemetry-sdk-metrics\1.44.1\opentelemetry-sdk-metrics-1.44.1.jar;C:\Windows\system32\config\systemprofile\.m2\repository\io\opentelemetry\opentelemetry-sdk-logs\1.44.1\opentelemetry-sdk-logs-1.44.1.jar;C:\Windows\system32\config\systemprofile\.m2\repository\net\bytebuddy\byte-buddy\1.15.10\byte-buddy-1.15.10.jar;C:\Windows\system32\config\systemprofile\.m2\repository\org\seleniumhq\selenium\selenium-os\4.27.0\selenium-os-4.27.0.jar;C:\Windows\system32\config\systemprofile\.m2\repository\org\apache\commons\commons-exec\1.4.0\commons-exec-1.4.0.jar;C:\Windows\system32\config\systemprofile\.m2\repository\org\seleniumhq\selenium\selenium-safari-driver\4.27.0\selenium-safari-driver-4.27.0.jar;C:\Windows\system32\config\systemprofile\.m2\repository\org\seleniumhq\selenium\selenium-support\4.27.0\selenium-support-4.27.0.jar;C:\Windows\system32\config\systemprofile\.m2\repository\io\cucumber\cucumber-java\7.5.0\cucumber-java-7.5.0.jar;C:\Windows\system32\config\systemprofile\.m2\repository\io\cucumber\cucumber-core\7.5.0\cucumber-core-7.5.0.jar;C:\Windows\system32\config\systemprofile\.m2\repository\io\cucumber\cucumber-gherkin\7.5.0\cucumber-gherkin-7.5.0.jar;C:\Windows\system32\config\systemprofile\.m2\repository\io\cucumber\cucumber-gherkin-messages\7.5.0\cucumber-gherkin-messages-7.5.0.jar;C:\Windows\system32\config\systemprofile\.m2\repository\io\cucumber\gherkin\23.0.1\gherkin-23.0.1.jar;C:\Windows\system32\config\systemprofile\.m2\repository\io\cucumber\messages\18.0.0\messages-18.0.0.jar;C:\Windows\system32\config\systemprofile\.m2\repository\io\cucumber\tag-expressions\4.1.0\tag-expressions-4.1.0.jar;C:\Windows\system32\config\systemprofile\.m2\repository\io\cucumber\cucumber-expressions\16.0.0\cucumber-expressions-16.0.0.jar;C:\Windows\system32\config\systemprofile\.m2\repository\io\cucumber\datatable\7.5.0\datatable-7.5.0.jar;C:\Windows\system32\config\systemprofile\.m2\repository\io\cucumber\cucumber-plugin\7.5.0\cucumber-plugin-7.5.0.jar;C:\Windows\system32\config\systemprofile\.m2\repository\io\cucumber\docstring\7.5.0\docstring-7.5.0.jar;C:\Windows\system32\config\systemprofile\.m2\repository\io\cucumber\html-formatter\19.2.0\html-formatter-19.2.0.jar;C:\Windows\system32\config\systemprofile\.m2\repository\io\cucumber\ci-environment\9.1.0\ci-environment-9.1.0.jar;C:\Windows\system32\config\systemprofile\.m2\repository\org\apiguardian\apiguardian-api\1.1.2\apiguardian-api-1.1.2.jar;C:\Windows\system32\config\systemprofile\.m2\repository\io\cucumber\cucumber-testng\7.5.0\cucumber-testng-7.5.0.jar;C:\Windows\system32\config\systemprofile\.m2\repository\com\aventstack\extentreports\5.0.9\extentreports-5.0.9.jar;C:\Windows\system32\config\systemprofile\.m2\repository\io\reactivex\rxjava3\rxjava\3.0.4\rxjava-3.0.4.jar;C:\Windows\system32\config\systemprofile\.m2\repository\org\reactivestreams\reactive-streams\1.0.3\reactive-streams-1.0.3.jar;C:\Windows\system32\config\systemprofile\.m2\repository\org\freemarker\freemarker\2.3.30\freemarker-2.3.30.jar;C:\Windows\system32\config\systemprofile\.m2\repository\org\projectlombok\lombok\1.18.12\lombok-1.18.12.jar;C:\Windows\system32\config\systemprofile\.m2\repository\com\google\code\gson\gson\2.8.6\gson-2.8.6.jar;C:\Windows\system32\config\systemprofile\.m2\repository\io\github\bonigarcia\webdrivermanager\5.9.2\webdrivermanager-5.9.2.jar;C:\Windows\system32\config\systemprofile\.m2\repository\org\slf4j\slf4j-api\2.0.13\slf4j-api-2.0.13.jar;C:\Windows\system32\config\systemprofile\.m2\repository\com\github\docker-java\docker-java\3.4.0\docker-java-3.4.0.jar;C:\Windows\system32\config\systemprofile\.m2\repository\com\github\docker-java\docker-java-core\3.4.0\docker-java-core-3.4.0.jar;C:\Windows\system32\config\systemprofile\.m2\repository\com\github\docker-java\docker-java-api\3.4.0\docker-java-api-3.4.0.jar;C:\Windows\system32\config\systemprofile\.m2\repository\org\slf4j\jcl-over-slf4j\1.7.30\jcl-over-slf4j-1.7.30.jar;C:\Windows\system32\config\systemprofile\.m2\repository\com\github\docker-java\docker-java-transport-httpclient5\3.4.0\docker-java-transport-httpclient5-3.4.0.jar;C:\Windows\system32\config\systemprofile\.m2\repository\com\github\docker-java\docker-java-transport\3.4.0\docker-java-transport-3.4.0.jar;C:\Windows\system32\config\systemprofile\.m2\repository\net\java\dev\jna\jna\5.13.0\jna-5.13.0.jar;C:\Windows\system32\config\systemprofile\.m2\repository\org\brotli\dec\0.1.2\dec-0.1.2.jar;C:\Windows\system32\config\systemprofile\.m2\repository\org\apache\commons\commons-lang3\3.15.0\commons-lang3-3.15.0.jar;C:\Windows\system32\config\systemprofile\.m2\repository\org\apache\commons\commons-compress\1.26.2\commons-compress-1.26.2.jar;C:\Windows\system32\config\systemprofile\.m2\repository\commons-codec\commons-codec\1.17.0\commons-codec-1.17.0.jar;C:\Windows\system32\config\systemprofile\.m2\repository\commons-io\commons-io\2.16.1\commons-io-2.16.1.jar;C:\Windows\system32\config\systemprofile\.m2\repository\org\apache\httpcomponents\client5\httpclient5\5.2.1\httpclient5-5.2.1.jar;C:\Windows\system32\config\systemprofile\.m2\repository\org\apache\httpcomponents\core5\httpcore5\5.2\httpcore5-5.2.jar;C:\Windows\system32\config\systemprofile\.m2\repository\org\apache\httpcomponents\core5\httpcore5-h2\5.2\httpcore5-h2-5.2.jar;C:\Windows\system32\config\systemprofile\.m2\repository\org\testng\testng\6.14.3\testng-6.14.3.jar;C:\Windows\system32\config\systemprofile\.m2\repository\com\beust\jcommander\1.72\jcommander-1.72.jar;C:\Windows\system32\config\systemprofile\.m2\repository\org\apache-extras\beanshell\bsh\2.0b6\bsh-2.0b6.jar;C:\Windows\system32\config\systemprofile\.m2\repository\com\fasterxml\jackson\core\jackson-databind\2.13.3\jackson-databind-2.13.3.jar;C:\Windows\system32\config\systemprofile\.m2\repository\com\fasterxml\jackson\core\jackson-annotations\2.13.3\jackson-annotations-2.13.3.jar;C:\Windows\system32\config\systemprofile\.m2\repository\com\fasterxml\jackson\core\jackson-core\2.13.3\jackson-core-2.13.3.jar;C:\Windows\system32\config\systemprofile\.m2\repository\org\apache\logging\log4j\log4j-slf4j-impl\2.17.0\log4j-slf4j-impl-2.17.0.jar;C:\Windows\system32\config\systemprofile\.m2\repository\org\apache\logging\log4j\log4j-api\2.17.0\log4j-api-2.17.0.jar;C:\Windows\system32\config\systemprofile\.m2\repository\org\apache\logging\log4j\log4j-core\2.17.0\log4j-core-2.17.0.jar;"/>
    <property name="sun.cpu.endian" value="little"/>
    <property name="user.home" value="C:\Windows\system32\config\systemprofile"/>
    <property name="user.language" value="en"/>
    <property name="java.specification.vendor" value="Oracle Corporation"/>
    <property name="java.version.date" value="2024-10-15"/>
    <property name="java.home" value="C:\Program Files\Java\jdk-21"/>
    <property name="file.separator" value="\"/>
    <property name="basedir" value="C:\DATA\RSASeleniumCode\SeleniumFrameworkDesign"/>
    <property name="java.vm.compressedOopsMode" value="Zero based"/>
    <property name="line.separator" value="&#10;"/>
    <property name="java.vm.specification.vendor" value="Oracle Corporation"/>
    <property name="java.specification.name" value="Java Platform API Specification"/>
    <property name="surefire.real.class.path" value="C:\Windows\Temp\surefire16536396050654914274\surefirebooter11119902232114192052.jar"/>
    <property name="user.script" value=""/>
    <property name="sun.management.compiler" value="HotSpot 64-Bit Tiered Compilers"/>
    <property name="java.runtime.version" value="21.0.5+9-LTS-239"/>
    <property name="user.name" value="DESKTOP-NCN8IFR$"/>
    <property name="stdout.encoding" value="Cp1252"/>
    <property name="path.separator" value=";"/>
    <property name="os.version" value="10.0"/>
    <property name="java.runtime.name" value="Java(TM) SE Runtime Environment"/>
    <property name="file.encoding" value="UTF-8"/>
    <property name="browser" value="chrome"/>
    <property name="java.vm.name" value="Java HotSpot(TM) 64-Bit Server VM"/>
    <property name="localRepository" value="C:\Windows\system32\config\systemprofile\.m2\repository"/>
    <property name="java.vendor.url.bug" value="https://bugreport.java.com/bugreport/"/>
    <property name="java.io.tmpdir" value="C:\Windows\TEMP\"/>
    <property name="java.version" value="21.0.5"/>
    <property name="user.dir" value="C:\DATA\RSASeleniumCode\SeleniumFrameworkDesign"/>
    <property name="os.arch" value="amd64"/>
    <property name="java.vm.specification.name" value="Java Virtual Machine Specification"/>
    <property name="sun.os.patch.level" value=""/>
    <property name="native.encoding" value="Cp1252"/>
    <property name="java.library.path" value="C:\Program Files\Java\jdk-21\bin;C:\Windows\Sun\Java\bin;C:\Windows\system32;C:\Windows;C:\Program Files\Common Files\Oracle\Java\javapath;C:\app\Dell\product\11.2.0\dbhome_2\bin;C:\app\Dell\product\11.2.0\dbhome_1\bin;C:\Windows\system32;C:\Windows;C:\Windows\System32\Wbem;C:\Windows\System32\WindowsPowerShell\v1.0\;C:\Windows\System32\OpenSSH\;C:\Program Files\Intel\WiFi\bin\;C:\Program Files\Common Files\Intel\WirelessCommon\;C:\Program Files\dotnet\;C:\Program Files\nodejs\;C:\Users\Dell\AppData\Local\Android\Sdk\tools\bin;C:\Users\Dell\AppData\Local\Android\Sdk\tools;C:\Users\Dell\AppData\Local\Android\Sdk\platform-tools;C:\Program Files\nodejs\node_modules\npm\bin;C:\Program Files\Git\cmd;C:\Program Files\Java\jdk-21\bin;C:\Program Files\Maven\apache-maven-3.9.9\bin;C:\Program Files\Maven\apache-maven-3.9.9\bin;C:\Windows\system32\config\systemprofile\AppData\Local\Microsoft\WindowsApps;."/>
    <property name="java.vm.info" value="mixed mode, sharing"/>
    <property name="stderr.encoding" value="Cp1252"/>
    <property name="java.vendor" value="Oracle Corporation"/>
    <property name="java.vm.version" value="21.0.5+9-LTS-239"/>
    <property name="sun.io.unicode.encoding" value="UnicodeLittle"/>
    <property name="java.class.version" value="65.0"/>
  </properties>
  <testcase name="LoginErrorValidation" classname="rahulshettyacademy.tests.ErrorValidationsTest" time="0.906">
    <system-out><![CDATA[[TestNGContentHandler] [WARN] It is strongly recommended to add "<!DOCTYPE suite SYSTEM "http://testng.org/testng-1.0.dtd" >" at the top of your file, otherwise TestNG may fail or not work as expected.
]]></system-out>
    <system-err><![CDATA[SLF4J(W): No SLF4J providers were found.
SLF4J(W): Defaulting to no-operation (NOP) logger implementation
SLF4J(W): See https://www.slf4j.org/codes.html#noProviders for further details.
SLF4J(W): Class path contains SLF4J bindings targeting slf4j-api versions 1.7.x or earlier.
SLF4J(W): Ignoring binding found at [jar:file:/C:/Windows/system32/config/systemprofile/.m2/repository/org/apache/logging/log4j/log4j-slf4j-impl/2.17.0/log4j-slf4j-impl-2.17.0.jar!/org/slf4j/impl/StaticLoggerBinder.class]
SLF4J(W): See https://www.slf4j.org/codes.html#ignoredBindings for an explanation.
]]></system-err>
  </testcase>
  <testcase name="ProductErrorValidation" classname="rahulshettyacademy.tests.ErrorValidationsTest" time="3.333"/>
  <testcase name="submitOrder[{password=Password@123, product=IPHONE 13 PRO, email=bkumakanth@gmail.com}](1)" classname="rahulshettyacademy.tests.SubmitOrderTest" time="6.508">
    <system-err><![CDATA[Jan 06, 2025 9:36:25 AM org.openqa.selenium.remote.http.WebSocket$Listener onError
WARNING: Connection reset
java.net.SocketException: Connection reset
	at java.base/sun.nio.ch.SocketChannelImpl.throwConnectionReset(SocketChannelImpl.java:401)
	at java.base/sun.nio.ch.SocketChannelImpl.read(SocketChannelImpl.java:434)
	at java.net.http/jdk.internal.net.http.SocketTube.readAvailable(SocketTube.java:1178)
	at java.net.http/jdk.internal.net.http.SocketTube$InternalReadPublisher$InternalReadSubscription.read(SocketTube.java:841)
	at java.net.http/jdk.internal.net.http.SocketTube$SocketFlowTask.run(SocketTube.java:181)
	at java.net.http/jdk.internal.net.http.common.SequentialScheduler$SchedulableTask.run(SequentialScheduler.java:207)
	at java.net.http/jdk.internal.net.http.common.SequentialScheduler.runOrSchedule(SequentialScheduler.java:280)
	at java.net.http/jdk.internal.net.http.common.SequentialScheduler.runOrSchedule(SequentialScheduler.java:233)
	at java.net.http/jdk.internal.net.http.SocketTube$InternalReadPublisher$InternalReadSubscription.signalReadable(SocketTube.java:782)
	at java.net.http/jdk.internal.net.http.SocketTube$InternalReadPublisher$ReadEvent.signalEvent(SocketTube.java:965)
	at java.net.http/jdk.internal.net.http.SocketTube$SocketFlowEvent.handle(SocketTube.java:253)
	at java.net.http/jdk.internal.net.http.HttpClientImpl$SelectorManager.handleEvent(HttpClientImpl.java:1469)
	at java.net.http/jdk.internal.net.http.HttpClientImpl$SelectorManager.lambda$run$3(HttpClientImpl.java:1414)
	at java.base/java.util.ArrayList.forEach(ArrayList.java:1596)
	at java.net.http/jdk.internal.net.http.HttpClientImpl$SelectorManager.run(HttpClientImpl.java:1414)

]]></system-err>
  </testcase>
  <testcase name="OrderHistoryTest" classname="rahulshettyacademy.tests.SubmitOrderTest" time="0">
    <skipped message="Method SubmitOrderTest.OrderHistoryTest()[pri:0, instance:rahulshettyacademy.tests.SubmitOrderTest@6eb2384f] depends on not successfully finished methods"/>
    <system-err><![CDATA[Jan 06, 2025 9:36:39 AM org.openqa.selenium.remote.http.WebSocket$Listener onError
WARNING: Connection reset
java.net.SocketException: Connection reset
	at java.base/sun.nio.ch.SocketChannelImpl.throwConnectionReset(SocketChannelImpl.java:401)
	at java.base/sun.nio.ch.SocketChannelImpl.read(SocketChannelImpl.java:434)
	at java.net.http/jdk.internal.net.http.SocketTube.readAvailable(SocketTube.java:1178)
	at java.net.http/jdk.internal.net.http.SocketTube$InternalReadPublisher$InternalReadSubscription.read(SocketTube.java:841)
	at java.net.http/jdk.internal.net.http.SocketTube$SocketFlowTask.run(SocketTube.java:181)
	at java.net.http/jdk.internal.net.http.common.SequentialScheduler$SchedulableTask.run(SequentialScheduler.java:207)
	at java.net.http/jdk.internal.net.http.common.SequentialScheduler.runOrSchedule(SequentialScheduler.java:280)
	at java.net.http/jdk.internal.net.http.common.SequentialScheduler.runOrSchedule(SequentialScheduler.java:233)
	at java.net.http/jdk.internal.net.http.SocketTube$InternalReadPublisher$InternalReadSubscription.signalReadable(SocketTube.java:782)
	at java.net.http/jdk.internal.net.http.SocketTube$InternalReadPublisher$ReadEvent.signalEvent(SocketTube.java:965)
	at java.net.http/jdk.internal.net.http.SocketTube$SocketFlowEvent.handle(SocketTube.java:253)
	at java.net.http/jdk.internal.net.http.HttpClientImpl$SelectorManager.handleEvent(HttpClientImpl.java:1469)
	at java.net.http/jdk.internal.net.http.HttpClientImpl$SelectorManager.lambda$run$3(HttpClientImpl.java:1414)
	at java.base/java.util.ArrayList.forEach(ArrayList.java:1596)
	at java.net.http/jdk.internal.net.http.HttpClientImpl$SelectorManager.run(HttpClientImpl.java:1414)

Jan 06, 2025 9:36:43 AM org.openqa.selenium.remote.http.WebSocket$Listener onError
WARNING: Connection reset
java.net.SocketException: Connection reset
	at java.base/sun.nio.ch.SocketChannelImpl.throwConnectionReset(SocketChannelImpl.java:401)
	at java.base/sun.nio.ch.SocketChannelImpl.read(SocketChannelImpl.java:434)
	at java.net.http/jdk.internal.net.http.SocketTube.readAvailable(SocketTube.java:1178)
	at java.net.http/jdk.internal.net.http.SocketTube$InternalReadPublisher$InternalReadSubscription.read(SocketTube.java:841)
	at java.net.http/jdk.internal.net.http.SocketTube$SocketFlowTask.run(SocketTube.java:181)
	at java.net.http/jdk.internal.net.http.common.SequentialScheduler$SchedulableTask.run(SequentialScheduler.java:207)
	at java.net.http/jdk.internal.net.http.common.SequentialScheduler.runOrSchedule(SequentialScheduler.java:280)
	at java.net.http/jdk.internal.net.http.common.SequentialScheduler.runOrSchedule(SequentialScheduler.java:233)
	at java.net.http/jdk.internal.net.http.SocketTube$InternalReadPublisher$InternalReadSubscription.signalReadable(SocketTube.java:782)
	at java.net.http/jdk.internal.net.http.SocketTube$InternalReadPublisher$ReadEvent.signalEvent(SocketTube.java:965)
	at java.net.http/jdk.internal.net.http.SocketTube$SocketFlowEvent.handle(SocketTube.java:253)
	at java.net.http/jdk.internal.net.http.HttpClientImpl$SelectorManager.handleEvent(HttpClientImpl.java:1469)
	at java.net.http/jdk.internal.net.http.HttpClientImpl$SelectorManager.lambda$run$3(HttpClientImpl.java:1414)
	at java.base/java.util.ArrayList.forEach(ArrayList.java:1596)
	at java.net.http/jdk.internal.net.http.HttpClientImpl$SelectorManager.run(HttpClientImpl.java:1414)

]]></system-err>
  </testcase>
</testsuite>