<?xml version="1.0" encoding="UTF-8"?>
<!-- Generated by org.testng.reporters.JUnitReportReporter -->
<testsuite hostname="DESKTOP-NCN8IFR" failures="0" tests="3" name="cucumber.TestNGTestRunner" time="33.461" errors="0" timestamp="01 Jan 2025 12:07:42 GMT" skipped="0">
  <testcase classname="cucumber.TestNGTestRunner" name="runScenario" time="13.439"/>
  <testcase classname="cucumber.TestNGTestRunner" name="runScenario" time="10.901"/>
  <testcase classname="cucumber.TestNGTestRunner" name="runScenario" time="9.121"/>
</testsuite> <!-- cucumber.TestNGTestRunner -->
