<?xml version="1.0" encoding="UTF-8"?>
<!-- Generated by org.testng.reporters.JUnitReportReporter -->
<testsuite hostname="DESKTOP-NCN8IFR" failures="0" tests="3" name="rahulshettyacademy.tests.SubmitOrderTest" time="28.584" errors="0" timestamp="04 Jan 2025 08:15:57 GMT" skipped="0">
  <testcase classname="rahulshettyacademy.tests.SubmitOrderTest" name="submitOrder" time="10.554"/>
  <testcase classname="rahulshettyacademy.tests.SubmitOrderTest" name="submitOrder" time="8.985"/>
  <testcase classname="rahulshettyacademy.tests.SubmitOrderTest" name="OrderHistoryTest" time="9.045"/>
</testsuite> <!-- rahulshettyacademy.tests.SubmitOrderTest -->
