<?xml version="1.0" encoding="UTF-8"?>
<!-- Generated by org.testng.reporters.JUnitReportReporter -->
<testsuite hostname="DESKTOP-NCN8IFR" failures="0" tests="2" name="rahulshettyacademy.tests.ErrorValidationsTest" time="19.568" errors="0" timestamp="04 Jan 2025 08:15:57 GMT" skipped="0">
  <testcase classname="rahulshettyacademy.tests.ErrorValidationsTest" name="ProductErrorValidation" time="8.611"/>
  <testcase classname="rahulshettyacademy.tests.ErrorValidationsTest" name="LoginErrorValidation" time="10.957"/>
</testsuite> <!-- rahulshettyacademy.tests.ErrorValidationsTest -->
