<?xml version="1.0" encoding="UTF-8"?>
<!-- Generated by org.testng.reporters.JUnitReportReporter -->
<testsuite hostname="DESKTOP-NCN8IFR" failures="0" tests="2" name="rahulshettyacademy.tests.ErrorValidationsTest" time="32.742" errors="0" timestamp="06 Jan 2025 04:06:44 GMT" skipped="0">
  <testcase classname="rahulshettyacademy.tests.ErrorValidationsTest" name="ProductErrorValidation" time="18.923"/>
  <testcase classname="rahulshettyacademy.tests.ErrorValidationsTest" name="LoginErrorValidation" time="13.819"/>
</testsuite> <!-- rahulshettyacademy.tests.ErrorValidationsTest -->
